c:\users\poc-pc\desktop\airflow-legacy-main\airflow\release\imgui_widgets.obj
c:\users\poc-pc\desktop\airflow-legacy-main\airflow\release\engine.obj
c:\users\poc-pc\desktop\airflow-legacy-main\airflow\release\byte_arrays.obj
c:\users\poc-pc\desktop\airflow-legacy-main\airflow\release\checksum_crc.obj
c:\users\poc-pc\desktop\airflow-legacy-main\airflow\release\displacement.obj
c:\users\poc-pc\desktop\airflow-legacy-main\airflow\release\world_modulation.obj
c:\users\poc-pc\desktop\airflow-legacy-main\airflow\release\animfix.obj
c:\users\poc-pc\desktop\airflow-legacy-main\airflow\release\event_logger.obj
c:\users\poc-pc\desktop\airflow-legacy-main\airflow\release\mutex.obj
c:\users\poc-pc\desktop\airflow-legacy-main\airflow\release\client_mode.obj
c:\users\poc-pc\desktop\airflow-legacy-main\airflow\release\vgui_panel.obj
c:\users\poc-pc\desktop\airflow-legacy-main\airflow\release\exploits.obj
c:\users\poc-pc\desktop\airflow-legacy-main\airflow\release\checkbox.obj
c:\users\poc-pc\desktop\airflow-legacy-main\airflow\release\local_animfix.obj
c:\users\poc-pc\desktop\airflow-legacy-main\airflow\release\grenade_warning.obj
c:\users\poc-pc\desktop\airflow-legacy-main\airflow\release\packed_heap.obj
c:\users\poc-pc\desktop\airflow-legacy-main\airflow\release\material_system.obj
c:\users\poc-pc\desktop\airflow-legacy-main\airflow\release\c_animstate.obj
c:\users\poc-pc\desktop\airflow-legacy-main\airflow\release\anti_aim.obj
c:\users\poc-pc\desktop\airflow-legacy-main\airflow\release\button.obj
c:\users\poc-pc\desktop\airflow-legacy-main\airflow\release\ragebot.obj
c:\users\poc-pc\desktop\airflow-legacy-main\airflow\release\local_player_visuals.obj
c:\users\poc-pc\desktop\airflow-legacy-main\airflow\release\imgui_impl_dx9.obj
c:\users\poc-pc\desktop\airflow-legacy-main\airflow\release\netvar_proxies.obj
c:\users\poc-pc\desktop\airflow-legacy-main\airflow\release\entity.obj
c:\users\poc-pc\desktop\airflow-legacy-main\airflow\release\config_system.obj
c:\users\poc-pc\desktop\airflow-legacy-main\airflow\release\autowall.obj
c:\users\poc-pc\desktop\airflow-legacy-main\airflow\release\esp_weapon.obj
c:\users\poc-pc\desktop\airflow-legacy-main\airflow\release\atomic_lock.obj
c:\users\poc-pc\desktop\airflow-legacy-main\airflow\release\threading.obj
c:\users\poc-pc\desktop\airflow-legacy-main\airflow\release\prediction.obj
c:\users\poc-pc\desktop\airflow-legacy-main\airflow\release\hwid.obj
c:\users\poc-pc\desktop\airflow-legacy-main\airflow\release\secure_connection.obj
c:\users\poc-pc\desktop\airflow-legacy-main\airflow\release\math.obj
c:\users\poc-pc\desktop\airflow-legacy-main\airflow\release\movement.obj
c:\users\poc-pc\desktop\airflow-legacy-main\airflow\release\keybind.obj
c:\users\poc-pc\desktop\airflow-legacy-main\airflow\release\chams.obj
c:\users\poc-pc\desktop\airflow-legacy-main\airflow\release\imgui_demo.obj
c:\users\poc-pc\desktop\airflow-legacy-main\airflow\release\shared_mutex.obj
c:\users\poc-pc\desktop\airflow-legacy-main\airflow\release\client.obj
c:\users\poc-pc\desktop\airflow-legacy-main\airflow\release\wnd_proc.obj
c:\users\poc-pc\desktop\airflow-legacy-main\airflow\release\dllmain.obj
c:\users\poc-pc\desktop\airflow-legacy-main\airflow\release\multi_combo_box.obj
c:\users\poc-pc\desktop\airflow-legacy-main\airflow\release\skins.obj
c:\users\poc-pc\desktop\airflow-legacy-main\airflow\release\jsoncpp.obj
c:\users\poc-pc\desktop\airflow-legacy-main\airflow\release\player_hook.obj
c:\users\poc-pc\desktop\airflow-legacy-main\airflow\release\key_states.obj
c:\users\poc-pc\desktop\airflow-legacy-main\airflow\release\listener_entity.obj
c:\users\poc-pc\desktop\airflow-legacy-main\airflow\release\engine_prediction.obj
c:\users\poc-pc\desktop\airflow-legacy-main\airflow\release\event_visuals.obj
c:\users\poc-pc\desktop\airflow-legacy-main\airflow\release\semaphores.obj
c:\users\poc-pc\desktop\airflow-legacy-main\airflow\release\convars.obj
c:\users\poc-pc\desktop\airflow-legacy-main\airflow\release\view_render.obj
c:\users\poc-pc\desktop\airflow-legacy-main\airflow\release\game_functions.obj
c:\users\poc-pc\desktop\airflow-legacy-main\airflow\release\config_vars.obj
c:\users\poc-pc\desktop\airflow-legacy-main\airflow\release\color_picker.obj
c:\users\poc-pc\desktop\airflow-legacy-main\airflow\release\setup_bones_manager.obj
c:\users\poc-pc\desktop\airflow-legacy-main\airflow\release\imgui_draw.obj
c:\users\poc-pc\desktop\airflow-legacy-main\airflow\release\hooks.obj
c:\users\poc-pc\desktop\airflow-legacy-main\airflow\release\surface.obj
c:\users\poc-pc\desktop\airflow-legacy-main\airflow\release\memory.obj
c:\users\poc-pc\desktop\airflow-legacy-main\airflow\release\utils.obj
c:\users\poc-pc\desktop\airflow-legacy-main\airflow\release\slider.obj
c:\users\poc-pc\desktop\airflow-legacy-main\airflow\release\esp_player.obj
c:\users\poc-pc\desktop\airflow-legacy-main\airflow\release\imgui.obj
c:\users\poc-pc\desktop\airflow-legacy-main\airflow\release\engine_trace.obj
c:\users\poc-pc\desktop\airflow-legacy-main\airflow\release\render.obj
c:\users\poc-pc\desktop\airflow-legacy-main\airflow\release\listener_event.obj
c:\users\poc-pc\desktop\airflow-legacy-main\airflow\release\missed_shot_handler.obj
c:\users\poc-pc\desktop\airflow-legacy-main\airflow\release\glow.obj
c:\users\poc-pc\desktop\airflow-legacy-main\airflow\release\imgui_freetype.obj
c:\users\poc-pc\desktop\airflow-legacy-main\airflow\release\global_context.obj
c:\users\poc-pc\desktop\airflow-legacy-main\airflow\release\studio_render.obj
c:\users\poc-pc\desktop\airflow-legacy-main\airflow\release\protect.obj
c:\users\poc-pc\desktop\airflow-legacy-main\airflow\release\fake_lag.obj
c:\users\poc-pc\desktop\airflow-legacy-main\airflow\release\combo_box.obj
c:\users\poc-pc\desktop\airflow-legacy-main\airflow\release\rage_tools.obj
c:\users\poc-pc\desktop\airflow-legacy-main\airflow\release\visuals.obj
c:\users\poc-pc\desktop\airflow-legacy-main\airflow\release\imgui_impl_win32.obj
c:\users\poc-pc\desktop\airflow-legacy-main\airflow\release\directx.obj
c:\users\poc-pc\desktop\airflow-legacy-main\airflow\release\trace.obj
c:\users\poc-pc\desktop\airflow-legacy-main\airflow\release\netvar_parser.obj
c:\users\poc-pc\desktop\airflow-legacy-main\airflow\release\features.obj
c:\users\poc-pc\desktop\airflow-legacy-main\airflow\release\menu.obj
c:\users\poc-pc\desktop\airflow-legacy-main\airflow\release\esp_store.obj
c:\users\poc-pc\desktop\airflow-legacy-main\release\csgo-legacy-release.dll
c:\users\poc-pc\desktop\airflow-legacy-main\airflow\release\csgo-legacy-release.ipdb
c:\users\poc-pc\desktop\airflow-legacy-main\airflow\release\csgo-legacy-release.iobj
c:\users\poc-pc\desktop\airflow-legacy-main\release\csgo-legacy-release.map
c:\users\poc-pc\desktop\airflow-legacy-main\airflow\release\airflow (legacy).tlog\cl.command.1.tlog
c:\users\poc-pc\desktop\airflow-legacy-main\airflow\release\airflow (legacy).tlog\cl.read.1.tlog
c:\users\poc-pc\desktop\airflow-legacy-main\airflow\release\airflow (legacy).tlog\cl.write.1.tlog
c:\users\poc-pc\desktop\airflow-legacy-main\airflow\release\airflow (legacy).tlog\link.command.1.tlog
c:\users\poc-pc\desktop\airflow-legacy-main\airflow\release\airflow (legacy).tlog\link.read.1.tlog
c:\users\poc-pc\desktop\airflow-legacy-main\airflow\release\airflow (legacy).tlog\link.write.1.tlog
